<?xml version="1.0" encoding="UTF-8"?>
<!-- Generated by org.testng.reporters.JUnitReportReporter -->
<testsuite hostname="Rong" failures="0" tests="1" name="testNG" time="1.766" errors="0" timestamp="30 Sep 2021 06:14:37 GMT" skipped="0">
  <testcase classname="testNG" name="sumOfCourses" time="1.766"/>
</testsuite> <!-- testNG -->
