<?xml version="1.0" encoding="UTF-8"?>
<!-- Generated by org.testng.reporters.JUnitReportReporter -->
<testsuite hostname="Rong" failures="0" tests="1" name="DynamicJson" time="4.581" errors="0" timestamp="03 Oct 2021 00:06:16 GMT" skipped="0">
  <testcase classname="DynamicJson" name="addBook" time="4.581"/>
</testsuite> <!-- DynamicJson -->
